<?xml version="1.0" encoding="UTF-8"?>
<!-- Generated by org.testng.reporters.JUnitReportReporter -->
<testsuite skipped="0" hostname="Khas-MBP" name="TestNgBasics" tests="2" failures="0" timestamp="2021-04-27T10:25:01 EDT" time="0.004" errors="0">
  <testcase name="searchTest" time="0.000" classname="TestNgBasics"/>
  <system-out/>
  <testcase name="googleTitleTest" time="0.004" classname="TestNgBasics"/>
  <system-out/>
</testsuite> <!-- TestNgBasics -->
